[2024-06-30 19:01:22,311] {taskinstance.py:1179} INFO - Dependencies all met for <TaskInstance: example_datalake_dag.insert_into_datalake scheduled__2024-06-30T05:00:00+00:00 [queued]>
[2024-06-30 19:01:22,360] {taskinstance.py:1179} INFO - Dependencies all met for <TaskInstance: example_datalake_dag.insert_into_datalake scheduled__2024-06-30T05:00:00+00:00 [queued]>
[2024-06-30 19:01:22,369] {taskinstance.py:1376} INFO - 
--------------------------------------------------------------------------------
[2024-06-30 19:01:22,381] {taskinstance.py:1377} INFO - Starting attempt 1 of 2
[2024-06-30 19:01:22,386] {taskinstance.py:1378} INFO - 
--------------------------------------------------------------------------------
[2024-06-30 19:01:22,497] {taskinstance.py:1397} INFO - Executing <Task(PostgresOperator): insert_into_datalake> on 2024-06-30 05:00:00+00:00
[2024-06-30 19:01:22,527] {standard_task_runner.py:52} INFO - Started process 1338 to run task
[2024-06-30 19:01:22,559] {standard_task_runner.py:79} INFO - Running: ['***', 'tasks', 'run', 'example_datalake_dag', 'insert_into_datalake', 'scheduled__2024-06-30T05:00:00+00:00', '--job-id', '25', '--raw', '--subdir', 'DAGS_FOLDER/test.py', '--cfg-path', '/tmp/tmpqd7tbf1k', '--error-file', '/tmp/tmp9rscatl9']
[2024-06-30 19:01:22,563] {standard_task_runner.py:80} INFO - Job 25: Subtask insert_into_datalake
[2024-06-30 19:01:23,129] {task_command.py:371} INFO - Running <TaskInstance: example_datalake_dag.insert_into_datalake scheduled__2024-06-30T05:00:00+00:00 [running]> on host 12d6cc628018
[2024-06-30 19:01:23,563] {taskinstance.py:1591} INFO - Exporting the following env vars:
AIRFLOW_CTX_DAG_OWNER=***
AIRFLOW_CTX_DAG_ID=example_datalake_dag
AIRFLOW_CTX_TASK_ID=insert_into_datalake
AIRFLOW_CTX_EXECUTION_DATE=2024-06-30T05:00:00+00:00
AIRFLOW_CTX_TRY_NUMBER=1
AIRFLOW_CTX_DAG_RUN_ID=scheduled__2024-06-30T05:00:00+00:00
[2024-06-30 19:01:23,661] {base.py:68} INFO - Using connection ID 'datalake_postgres' for task execution.
[2024-06-30 19:01:23,698] {dbapi.py:231} INFO - Running statement: 
        INSERT INTO datalake_table (data) VALUES
        ('example_data');
        , parameters: None
[2024-06-30 19:01:23,699] {dbapi.py:239} INFO - Rows affected: 1
[2024-06-30 19:01:24,669] {taskinstance.py:1420} INFO - Marking task as SUCCESS. dag_id=example_datalake_dag, task_id=insert_into_datalake, execution_date=20240630T050000, start_date=20240630T190122, end_date=20240630T190124
[2024-06-30 19:01:25,010] {local_task_job.py:156} INFO - Task exited with return code 0
[2024-06-30 19:01:25,884] {local_task_job.py:273} INFO - 0 downstream tasks scheduled from follow-on schedule check
