[2024-06-30 18:28:02,890] {manager.py:480} INFO - Processing files using up to 2 processes at a time 
[2024-06-30 18:28:02,890] {manager.py:481} INFO - Process each file at most once every 10 seconds
[2024-06-30 18:28:02,890] {manager.py:483} INFO - Checking for new files in /opt/airflow/dags every 300 seconds
[2024-06-30 18:28:02,891] {manager.py:690} INFO - Searching for files in /opt/airflow/dags
[2024-06-30 18:28:02,912] {manager.py:693} INFO - There are 2 files in /opt/airflow/dags
[2024-06-30 18:28:03,075] {manager.py:809} INFO - 
================================================================================
DAG File Processing Stats

File Path                       PID  Runtime      # DAGs    # Errors  Last Runtime    Last Run
----------------------------  -----  ---------  --------  ----------  --------------  ----------
/opt/airflow/dags/test.py       176  0.05s             0           0
/opt/airflow/dags/api_etl.py    172  0.06s             0           0
================================================================================
[2024-06-30 18:28:33,104] {manager.py:809} INFO - 
================================================================================
DAG File Processing Stats

File Path                     PID    Runtime      # DAGs    # Errors  Last Runtime    Last Run
----------------------------  -----  ---------  --------  ----------  --------------  -------------------
/opt/airflow/dags/test.py                              1           0  0.16s           2024-06-30T18:28:24
/opt/airflow/dags/api_etl.py                           1           0  0.54s           2024-06-30T18:28:26
================================================================================
[2024-06-30 18:29:03,158] {manager.py:809} INFO - 
================================================================================
DAG File Processing Stats

File Path                     PID    Runtime      # DAGs    # Errors  Last Runtime    Last Run
----------------------------  -----  ---------  --------  ----------  --------------  -------------------
/opt/airflow/dags/test.py                              1           0  0.11s           2024-06-30T18:28:54
/opt/airflow/dags/api_etl.py                           1           0  0.44s           2024-06-30T18:29:00
================================================================================
[2024-06-30 18:29:33,237] {manager.py:809} INFO - 
================================================================================
DAG File Processing Stats

File Path                       PID  Runtime      # DAGs    # Errors  Last Runtime    Last Run
----------------------------  -----  ---------  --------  ----------  --------------  -------------------
/opt/airflow/dags/test.py                              1           0  0.09s           2024-06-30T18:29:25
/opt/airflow/dags/api_etl.py    266  0.04s             1           0  0.42s           2024-06-30T18:29:22
================================================================================
[2024-06-30 18:30:03,823] {manager.py:809} INFO - 
================================================================================
DAG File Processing Stats

File Path                     PID    Runtime      # DAGs    # Errors  Last Runtime    Last Run
----------------------------  -----  ---------  --------  ----------  --------------  -------------------
/opt/airflow/dags/test.py                              1           0  0.12s           2024-06-30T18:29:55
/opt/airflow/dags/api_etl.py                           1           0  0.55s           2024-06-30T18:29:56
================================================================================
[2024-06-30 18:30:34,010] {manager.py:809} INFO - 
================================================================================
DAG File Processing Stats

File Path                     PID    Runtime      # DAGs    # Errors  Last Runtime    Last Run
----------------------------  -----  ---------  --------  ----------  --------------  -------------------
/opt/airflow/dags/test.py                              1           0  0.18s           2024-06-30T18:30:26
/opt/airflow/dags/api_etl.py                           1           0  0.47s           2024-06-30T18:30:29
================================================================================
[2024-06-30 18:31:04,430] {manager.py:809} INFO - 
================================================================================
DAG File Processing Stats

File Path                     PID    Runtime      # DAGs    # Errors  Last Runtime    Last Run
----------------------------  -----  ---------  --------  ----------  --------------  -------------------
/opt/airflow/dags/test.py                              1           0  0.15s           2024-06-30T18:30:57
/opt/airflow/dags/api_etl.py                           1           0  0.40s           2024-06-30T18:31:03
================================================================================
[2024-06-30 18:31:34,987] {manager.py:809} INFO - 
================================================================================
DAG File Processing Stats

File Path                     PID    Runtime      # DAGs    # Errors  Last Runtime    Last Run
----------------------------  -----  ---------  --------  ----------  --------------  -------------------
/opt/airflow/dags/test.py                              1           0  0.18s           2024-06-30T18:31:28
/opt/airflow/dags/api_etl.py                           1           0  0.60s           2024-06-30T18:31:26
================================================================================
[2024-06-30 18:31:47,254] {manager.py:1011} WARNING - Skipping processing of missing file: /opt/airflow/dags/api_etl.py
[2024-06-30 18:31:47,321] {manager.py:1011} WARNING - Skipping processing of missing file: /opt/airflow/dags/api_etl.py
[2024-06-30 18:31:48,266] {manager.py:1011} WARNING - Skipping processing of missing file: /opt/airflow/dags/api_etl.py
[2024-06-30 18:31:48,339] {manager.py:1011} WARNING - Skipping processing of missing file: /opt/airflow/dags/api_etl.py
[2024-06-30 18:31:48,454] {manager.py:1011} WARNING - Skipping processing of missing file: /opt/airflow/dags/api_etl.py
[2024-06-30 18:31:49,357] {manager.py:1011} WARNING - Skipping processing of missing file: /opt/airflow/dags/api_etl.py
[2024-06-30 18:31:49,461] {manager.py:1011} WARNING - Skipping processing of missing file: /opt/airflow/dags/api_etl.py
[2024-06-30 18:31:50,365] {manager.py:1011} WARNING - Skipping processing of missing file: /opt/airflow/dags/api_etl.py
[2024-06-30 18:31:50,471] {manager.py:1011} WARNING - Skipping processing of missing file: /opt/airflow/dags/api_etl.py
[2024-06-30 18:31:51,376] {manager.py:1011} WARNING - Skipping processing of missing file: /opt/airflow/dags/api_etl.py
[2024-06-30 18:31:51,476] {manager.py:1011} WARNING - Skipping processing of missing file: /opt/airflow/dags/api_etl.py
[2024-06-30 18:31:52,385] {manager.py:1011} WARNING - Skipping processing of missing file: /opt/airflow/dags/api_etl.py
[2024-06-30 18:31:52,486] {manager.py:1011} WARNING - Skipping processing of missing file: /opt/airflow/dags/api_etl.py
[2024-06-30 18:31:53,396] {manager.py:1011} WARNING - Skipping processing of missing file: /opt/airflow/dags/api_etl.py
[2024-06-30 18:31:53,492] {manager.py:1011} WARNING - Skipping processing of missing file: /opt/airflow/dags/api_etl.py
[2024-06-30 18:31:54,408] {manager.py:1011} WARNING - Skipping processing of missing file: /opt/airflow/dags/api_etl.py
[2024-06-30 18:31:54,502] {manager.py:1011} WARNING - Skipping processing of missing file: /opt/airflow/dags/api_etl.py
[2024-06-30 18:31:55,417] {manager.py:1011} WARNING - Skipping processing of missing file: /opt/airflow/dags/api_etl.py
[2024-06-30 18:31:55,512] {manager.py:1011} WARNING - Skipping processing of missing file: /opt/airflow/dags/api_etl.py
[2024-06-30 18:31:56,430] {manager.py:1011} WARNING - Skipping processing of missing file: /opt/airflow/dags/api_etl.py
[2024-06-30 18:31:56,520] {manager.py:1011} WARNING - Skipping processing of missing file: /opt/airflow/dags/api_etl.py
[2024-06-30 18:31:57,441] {manager.py:1011} WARNING - Skipping processing of missing file: /opt/airflow/dags/api_etl.py
[2024-06-30 18:31:57,527] {manager.py:1011} WARNING - Skipping processing of missing file: /opt/airflow/dags/api_etl.py
[2024-06-30 18:31:58,449] {manager.py:1011} WARNING - Skipping processing of missing file: /opt/airflow/dags/api_etl.py
[2024-06-30 18:31:58,532] {manager.py:1011} WARNING - Skipping processing of missing file: /opt/airflow/dags/api_etl.py
[2024-06-30 18:31:58,777] {manager.py:1011} WARNING - Skipping processing of missing file: /opt/airflow/dags/api_etl.py
[2024-06-30 18:31:59,643] {manager.py:1011} WARNING - Skipping processing of missing file: /opt/airflow/dags/api_etl.py
[2024-06-30 18:31:59,781] {manager.py:1011} WARNING - Skipping processing of missing file: /opt/airflow/dags/api_etl.py
[2024-06-30 18:32:00,651] {manager.py:1011} WARNING - Skipping processing of missing file: /opt/airflow/dags/api_etl.py
[2024-06-30 18:32:00,791] {manager.py:1011} WARNING - Skipping processing of missing file: /opt/airflow/dags/api_etl.py
[2024-06-30 18:32:01,660] {manager.py:1011} WARNING - Skipping processing of missing file: /opt/airflow/dags/api_etl.py
[2024-06-30 18:32:01,813] {manager.py:1011} WARNING - Skipping processing of missing file: /opt/airflow/dags/api_etl.py
[2024-06-30 18:32:02,671] {manager.py:1011} WARNING - Skipping processing of missing file: /opt/airflow/dags/api_etl.py
[2024-06-30 18:32:02,817] {manager.py:1011} WARNING - Skipping processing of missing file: /opt/airflow/dags/api_etl.py
[2024-06-30 18:32:03,702] {manager.py:1011} WARNING - Skipping processing of missing file: /opt/airflow/dags/api_etl.py
[2024-06-30 18:32:03,827] {manager.py:1011} WARNING - Skipping processing of missing file: /opt/airflow/dags/api_etl.py
[2024-06-30 18:32:04,715] {manager.py:1011} WARNING - Skipping processing of missing file: /opt/airflow/dags/api_etl.py
[2024-06-30 18:32:04,836] {manager.py:1011} WARNING - Skipping processing of missing file: /opt/airflow/dags/api_etl.py
[2024-06-30 18:32:05,726] {manager.py:1011} WARNING - Skipping processing of missing file: /opt/airflow/dags/api_etl.py
[2024-06-30 18:32:05,731] {manager.py:809} INFO - 
================================================================================
DAG File Processing Stats

File Path                     PID    Runtime      # DAGs    # Errors  Last Runtime    Last Run
----------------------------  -----  ---------  --------  ----------  --------------  -------------------
/opt/airflow/dags/test.py                              1           0  0.24s           2024-06-30T18:31:58
/opt/airflow/dags/api_etl.py                           1           0  0.43s           2024-06-30T18:31:37
================================================================================
[2024-06-30 18:32:05,844] {manager.py:1011} WARNING - Skipping processing of missing file: /opt/airflow/dags/api_etl.py
[2024-06-30 18:32:06,734] {manager.py:1011} WARNING - Skipping processing of missing file: /opt/airflow/dags/api_etl.py
[2024-06-30 18:32:06,847] {manager.py:1011} WARNING - Skipping processing of missing file: /opt/airflow/dags/api_etl.py
[2024-06-30 18:32:07,739] {manager.py:1011} WARNING - Skipping processing of missing file: /opt/airflow/dags/api_etl.py
[2024-06-30 18:32:07,870] {manager.py:1011} WARNING - Skipping processing of missing file: /opt/airflow/dags/api_etl.py
[2024-06-30 18:32:08,758] {manager.py:1011} WARNING - Skipping processing of missing file: /opt/airflow/dags/api_etl.py
[2024-06-30 18:32:08,877] {manager.py:1011} WARNING - Skipping processing of missing file: /opt/airflow/dags/api_etl.py
[2024-06-30 18:32:09,040] {manager.py:1011} WARNING - Skipping processing of missing file: /opt/airflow/dags/api_etl.py
[2024-06-30 18:32:09,921] {manager.py:1011} WARNING - Skipping processing of missing file: /opt/airflow/dags/api_etl.py
[2024-06-30 18:32:10,047] {manager.py:1011} WARNING - Skipping processing of missing file: /opt/airflow/dags/api_etl.py
[2024-06-30 18:32:10,934] {manager.py:1011} WARNING - Skipping processing of missing file: /opt/airflow/dags/api_etl.py
[2024-06-30 18:32:11,055] {manager.py:1011} WARNING - Skipping processing of missing file: /opt/airflow/dags/api_etl.py
[2024-06-30 18:32:11,949] {manager.py:1011} WARNING - Skipping processing of missing file: /opt/airflow/dags/api_etl.py
[2024-06-30 18:32:12,063] {manager.py:1011} WARNING - Skipping processing of missing file: /opt/airflow/dags/api_etl.py
[2024-06-30 18:32:12,958] {manager.py:1011} WARNING - Skipping processing of missing file: /opt/airflow/dags/api_etl.py
[2024-06-30 18:32:13,071] {manager.py:1011} WARNING - Skipping processing of missing file: /opt/airflow/dags/api_etl.py
[2024-06-30 18:32:13,968] {manager.py:1011} WARNING - Skipping processing of missing file: /opt/airflow/dags/api_etl.py
[2024-06-30 18:32:14,078] {manager.py:1011} WARNING - Skipping processing of missing file: /opt/airflow/dags/api_etl.py
[2024-06-30 18:32:14,981] {manager.py:1011} WARNING - Skipping processing of missing file: /opt/airflow/dags/api_etl.py
[2024-06-30 18:32:15,087] {manager.py:1011} WARNING - Skipping processing of missing file: /opt/airflow/dags/api_etl.py
[2024-06-30 18:32:15,987] {manager.py:1011} WARNING - Skipping processing of missing file: /opt/airflow/dags/api_etl.py
[2024-06-30 18:32:16,095] {manager.py:1011} WARNING - Skipping processing of missing file: /opt/airflow/dags/api_etl.py
[2024-06-30 18:32:16,991] {manager.py:1011} WARNING - Skipping processing of missing file: /opt/airflow/dags/api_etl.py
[2024-06-30 18:32:17,100] {manager.py:1011} WARNING - Skipping processing of missing file: /opt/airflow/dags/api_etl.py
[2024-06-30 18:32:17,998] {manager.py:1011} WARNING - Skipping processing of missing file: /opt/airflow/dags/api_etl.py
[2024-06-30 18:32:18,102] {manager.py:1011} WARNING - Skipping processing of missing file: /opt/airflow/dags/api_etl.py
[2024-06-30 18:32:19,006] {manager.py:1011} WARNING - Skipping processing of missing file: /opt/airflow/dags/api_etl.py
[2024-06-30 18:32:19,109] {manager.py:1011} WARNING - Skipping processing of missing file: /opt/airflow/dags/api_etl.py
[2024-06-30 18:32:19,278] {manager.py:1011} WARNING - Skipping processing of missing file: /opt/airflow/dags/api_etl.py
[2024-06-30 18:32:20,156] {manager.py:1011} WARNING - Skipping processing of missing file: /opt/airflow/dags/api_etl.py
[2024-06-30 18:32:20,284] {manager.py:1011} WARNING - Skipping processing of missing file: /opt/airflow/dags/api_etl.py
[2024-06-30 18:32:21,170] {manager.py:1011} WARNING - Skipping processing of missing file: /opt/airflow/dags/api_etl.py
[2024-06-30 18:32:21,294] {manager.py:1011} WARNING - Skipping processing of missing file: /opt/airflow/dags/api_etl.py
[2024-06-30 18:32:22,177] {manager.py:1011} WARNING - Skipping processing of missing file: /opt/airflow/dags/api_etl.py
[2024-06-30 18:32:22,303] {manager.py:1011} WARNING - Skipping processing of missing file: /opt/airflow/dags/api_etl.py
[2024-06-30 18:32:23,182] {manager.py:1011} WARNING - Skipping processing of missing file: /opt/airflow/dags/api_etl.py
[2024-06-30 18:32:23,311] {manager.py:1011} WARNING - Skipping processing of missing file: /opt/airflow/dags/api_etl.py
[2024-06-30 18:32:24,192] {manager.py:1011} WARNING - Skipping processing of missing file: /opt/airflow/dags/api_etl.py
[2024-06-30 18:32:24,316] {manager.py:1011} WARNING - Skipping processing of missing file: /opt/airflow/dags/api_etl.py
[2024-06-30 18:32:25,203] {manager.py:1011} WARNING - Skipping processing of missing file: /opt/airflow/dags/api_etl.py
[2024-06-30 18:32:25,325] {manager.py:1011} WARNING - Skipping processing of missing file: /opt/airflow/dags/api_etl.py
[2024-06-30 18:32:26,214] {manager.py:1011} WARNING - Skipping processing of missing file: /opt/airflow/dags/api_etl.py
[2024-06-30 18:32:26,334] {manager.py:1011} WARNING - Skipping processing of missing file: /opt/airflow/dags/api_etl.py
[2024-06-30 18:32:27,223] {manager.py:1011} WARNING - Skipping processing of missing file: /opt/airflow/dags/api_etl.py
[2024-06-30 18:32:27,342] {manager.py:1011} WARNING - Skipping processing of missing file: /opt/airflow/dags/api_etl.py
[2024-06-30 18:32:28,228] {manager.py:1011} WARNING - Skipping processing of missing file: /opt/airflow/dags/api_etl.py
[2024-06-30 18:32:28,347] {manager.py:1011} WARNING - Skipping processing of missing file: /opt/airflow/dags/api_etl.py
[2024-06-30 18:32:29,239] {manager.py:1011} WARNING - Skipping processing of missing file: /opt/airflow/dags/api_etl.py
[2024-06-30 18:32:29,357] {manager.py:1011} WARNING - Skipping processing of missing file: /opt/airflow/dags/api_etl.py
[2024-06-30 18:32:29,540] {manager.py:1011} WARNING - Skipping processing of missing file: /opt/airflow/dags/api_etl.py
[2024-06-30 18:32:30,432] {manager.py:1011} WARNING - Skipping processing of missing file: /opt/airflow/dags/api_etl.py
[2024-06-30 18:32:30,543] {manager.py:1011} WARNING - Skipping processing of missing file: /opt/airflow/dags/api_etl.py
[2024-06-30 18:32:31,441] {manager.py:1011} WARNING - Skipping processing of missing file: /opt/airflow/dags/api_etl.py
[2024-06-30 18:32:31,560] {manager.py:1011} WARNING - Skipping processing of missing file: /opt/airflow/dags/api_etl.py
[2024-06-30 18:32:32,455] {manager.py:1011} WARNING - Skipping processing of missing file: /opt/airflow/dags/api_etl.py
[2024-06-30 18:32:32,574] {manager.py:1011} WARNING - Skipping processing of missing file: /opt/airflow/dags/api_etl.py
[2024-06-30 18:32:33,467] {manager.py:1011} WARNING - Skipping processing of missing file: /opt/airflow/dags/api_etl.py
[2024-06-30 18:32:33,578] {manager.py:1011} WARNING - Skipping processing of missing file: /opt/airflow/dags/api_etl.py
[2024-06-30 18:32:34,487] {manager.py:1011} WARNING - Skipping processing of missing file: /opt/airflow/dags/api_etl.py
[2024-06-30 18:32:34,586] {manager.py:1011} WARNING - Skipping processing of missing file: /opt/airflow/dags/api_etl.py
[2024-06-30 18:32:35,503] {manager.py:1011} WARNING - Skipping processing of missing file: /opt/airflow/dags/api_etl.py
[2024-06-30 18:32:35,595] {manager.py:1011} WARNING - Skipping processing of missing file: /opt/airflow/dags/api_etl.py
[2024-06-30 18:32:36,512] {manager.py:1011} WARNING - Skipping processing of missing file: /opt/airflow/dags/api_etl.py
[2024-06-30 18:32:36,517] {manager.py:809} INFO - 
================================================================================
DAG File Processing Stats

File Path                     PID    Runtime      # DAGs    # Errors  Last Runtime    Last Run
----------------------------  -----  ---------  --------  ----------  --------------  -------------------
/opt/airflow/dags/test.py                              1           0  0.18s           2024-06-30T18:32:29
/opt/airflow/dags/api_etl.py                           1           0  0.43s           2024-06-30T18:31:37
================================================================================
[2024-06-30 18:32:36,599] {manager.py:1011} WARNING - Skipping processing of missing file: /opt/airflow/dags/api_etl.py
[2024-06-30 18:32:37,528] {manager.py:1011} WARNING - Skipping processing of missing file: /opt/airflow/dags/api_etl.py
[2024-06-30 18:32:37,603] {manager.py:1011} WARNING - Skipping processing of missing file: /opt/airflow/dags/api_etl.py
[2024-06-30 18:32:38,550] {manager.py:1011} WARNING - Skipping processing of missing file: /opt/airflow/dags/api_etl.py
[2024-06-30 18:32:38,611] {manager.py:1011} WARNING - Skipping processing of missing file: /opt/airflow/dags/api_etl.py
[2024-06-30 18:32:39,562] {manager.py:1011} WARNING - Skipping processing of missing file: /opt/airflow/dags/api_etl.py
[2024-06-30 18:32:39,617] {manager.py:1011} WARNING - Skipping processing of missing file: /opt/airflow/dags/api_etl.py
[2024-06-30 18:32:39,711] {manager.py:1011} WARNING - Skipping processing of missing file: /opt/airflow/dags/api_etl.py
[2024-06-30 18:32:40,627] {manager.py:1011} WARNING - Skipping processing of missing file: /opt/airflow/dags/api_etl.py
[2024-06-30 18:32:40,714] {manager.py:1011} WARNING - Skipping processing of missing file: /opt/airflow/dags/api_etl.py
[2024-06-30 18:32:41,636] {manager.py:1011} WARNING - Skipping processing of missing file: /opt/airflow/dags/api_etl.py
[2024-06-30 18:32:41,728] {manager.py:1011} WARNING - Skipping processing of missing file: /opt/airflow/dags/api_etl.py
[2024-06-30 18:32:42,643] {manager.py:1011} WARNING - Skipping processing of missing file: /opt/airflow/dags/api_etl.py
[2024-06-30 18:32:42,757] {manager.py:1011} WARNING - Skipping processing of missing file: /opt/airflow/dags/api_etl.py
[2024-06-30 18:32:43,654] {manager.py:1011} WARNING - Skipping processing of missing file: /opt/airflow/dags/api_etl.py
[2024-06-30 18:32:43,773] {manager.py:1011} WARNING - Skipping processing of missing file: /opt/airflow/dags/api_etl.py
[2024-06-30 18:32:44,662] {manager.py:1011} WARNING - Skipping processing of missing file: /opt/airflow/dags/api_etl.py
[2024-06-30 18:32:44,781] {manager.py:1011} WARNING - Skipping processing of missing file: /opt/airflow/dags/api_etl.py
[2024-06-30 18:32:45,679] {manager.py:1011} WARNING - Skipping processing of missing file: /opt/airflow/dags/api_etl.py
[2024-06-30 18:32:45,786] {manager.py:1011} WARNING - Skipping processing of missing file: /opt/airflow/dags/api_etl.py
[2024-06-30 18:32:46,689] {manager.py:1011} WARNING - Skipping processing of missing file: /opt/airflow/dags/api_etl.py
[2024-06-30 18:32:46,794] {manager.py:1011} WARNING - Skipping processing of missing file: /opt/airflow/dags/api_etl.py
[2024-06-30 18:32:47,699] {manager.py:1011} WARNING - Skipping processing of missing file: /opt/airflow/dags/api_etl.py
[2024-06-30 18:32:47,801] {manager.py:1011} WARNING - Skipping processing of missing file: /opt/airflow/dags/api_etl.py
[2024-06-30 18:32:48,722] {manager.py:1011} WARNING - Skipping processing of missing file: /opt/airflow/dags/api_etl.py
[2024-06-30 18:32:48,823] {manager.py:1011} WARNING - Skipping processing of missing file: /opt/airflow/dags/api_etl.py
[2024-06-30 18:32:49,731] {manager.py:1011} WARNING - Skipping processing of missing file: /opt/airflow/dags/api_etl.py
[2024-06-30 18:32:49,828] {manager.py:1011} WARNING - Skipping processing of missing file: /opt/airflow/dags/api_etl.py
[2024-06-30 18:32:49,911] {manager.py:1011} WARNING - Skipping processing of missing file: /opt/airflow/dags/api_etl.py
[2024-06-30 18:32:50,834] {manager.py:1011} WARNING - Skipping processing of missing file: /opt/airflow/dags/api_etl.py
[2024-06-30 18:32:50,917] {manager.py:1011} WARNING - Skipping processing of missing file: /opt/airflow/dags/api_etl.py
[2024-06-30 18:32:51,843] {manager.py:1011} WARNING - Skipping processing of missing file: /opt/airflow/dags/api_etl.py
[2024-06-30 18:32:51,926] {manager.py:1011} WARNING - Skipping processing of missing file: /opt/airflow/dags/api_etl.py
[2024-06-30 18:32:52,853] {manager.py:1011} WARNING - Skipping processing of missing file: /opt/airflow/dags/api_etl.py
[2024-06-30 18:32:52,932] {manager.py:1011} WARNING - Skipping processing of missing file: /opt/airflow/dags/api_etl.py
[2024-06-30 18:32:53,865] {manager.py:1011} WARNING - Skipping processing of missing file: /opt/airflow/dags/api_etl.py
[2024-06-30 18:32:53,951] {manager.py:1011} WARNING - Skipping processing of missing file: /opt/airflow/dags/api_etl.py
[2024-06-30 18:32:54,878] {manager.py:1011} WARNING - Skipping processing of missing file: /opt/airflow/dags/api_etl.py
[2024-06-30 18:32:54,955] {manager.py:1011} WARNING - Skipping processing of missing file: /opt/airflow/dags/api_etl.py
[2024-06-30 18:32:55,888] {manager.py:1011} WARNING - Skipping processing of missing file: /opt/airflow/dags/api_etl.py
[2024-06-30 18:32:55,958] {manager.py:1011} WARNING - Skipping processing of missing file: /opt/airflow/dags/api_etl.py
[2024-06-30 18:32:56,891] {manager.py:1011} WARNING - Skipping processing of missing file: /opt/airflow/dags/api_etl.py
[2024-06-30 18:32:56,965] {manager.py:1011} WARNING - Skipping processing of missing file: /opt/airflow/dags/api_etl.py
[2024-06-30 18:32:57,905] {manager.py:1011} WARNING - Skipping processing of missing file: /opt/airflow/dags/api_etl.py
[2024-06-30 18:32:57,969] {manager.py:1011} WARNING - Skipping processing of missing file: /opt/airflow/dags/api_etl.py
[2024-06-30 18:32:58,914] {manager.py:1011} WARNING - Skipping processing of missing file: /opt/airflow/dags/api_etl.py
[2024-06-30 18:32:58,977] {manager.py:1011} WARNING - Skipping processing of missing file: /opt/airflow/dags/api_etl.py
[2024-06-30 18:32:59,922] {manager.py:1011} WARNING - Skipping processing of missing file: /opt/airflow/dags/api_etl.py
[2024-06-30 18:33:00,005] {manager.py:1011} WARNING - Skipping processing of missing file: /opt/airflow/dags/api_etl.py
[2024-06-30 18:33:00,140] {manager.py:1011} WARNING - Skipping processing of missing file: /opt/airflow/dags/api_etl.py
[2024-06-30 18:33:01,032] {manager.py:1011} WARNING - Skipping processing of missing file: /opt/airflow/dags/api_etl.py
[2024-06-30 18:33:01,146] {manager.py:1011} WARNING - Skipping processing of missing file: /opt/airflow/dags/api_etl.py
[2024-06-30 18:33:02,080] {manager.py:1011} WARNING - Skipping processing of missing file: /opt/airflow/dags/api_etl.py
[2024-06-30 18:33:02,151] {manager.py:1011} WARNING - Skipping processing of missing file: /opt/airflow/dags/api_etl.py
[2024-06-30 18:33:03,089] {manager.py:690} INFO - Searching for files in /opt/airflow/dags
[2024-06-30 18:33:03,099] {manager.py:693} INFO - There are 1 files in /opt/airflow/dags
[2024-06-30 18:33:07,161] {manager.py:809} INFO - 
================================================================================
DAG File Processing Stats

File Path                  PID    Runtime      # DAGs    # Errors  Last Runtime    Last Run
-------------------------  -----  ---------  --------  ----------  --------------  -------------------
/opt/airflow/dags/test.py                           1           0  0.21s           2024-06-30T18:33:00
================================================================================
[2024-06-30 18:33:37,854] {manager.py:809} INFO - 
================================================================================
DAG File Processing Stats

File Path                  PID    Runtime      # DAGs    # Errors  Last Runtime    Last Run
-------------------------  -----  ---------  --------  ----------  --------------  -------------------
/opt/airflow/dags/test.py                           1           0  0.16s           2024-06-30T18:33:30
================================================================================
[2024-06-30 18:34:08,501] {manager.py:809} INFO - 
================================================================================
DAG File Processing Stats

File Path                  PID    Runtime      # DAGs    # Errors  Last Runtime    Last Run
-------------------------  -----  ---------  --------  ----------  --------------  -------------------
/opt/airflow/dags/test.py                           1           0  0.25s           2024-06-30T18:34:01
================================================================================
[2024-06-30 18:34:38,609] {manager.py:809} INFO - 
================================================================================
DAG File Processing Stats

File Path                  PID    Runtime      # DAGs    # Errors  Last Runtime    Last Run
-------------------------  -----  ---------  --------  ----------  --------------  -------------------
/opt/airflow/dags/test.py                           1           0  0.39s           2024-06-30T18:34:32
================================================================================
[2024-06-30 18:35:09,169] {manager.py:809} INFO - 
================================================================================
DAG File Processing Stats

File Path                  PID    Runtime      # DAGs    # Errors  Last Runtime    Last Run
-------------------------  -----  ---------  --------  ----------  --------------  -------------------
/opt/airflow/dags/test.py                           1           0  0.09s           2024-06-30T18:35:03
================================================================================
[2024-06-30 18:35:39,705] {manager.py:809} INFO - 
================================================================================
DAG File Processing Stats

File Path                  PID    Runtime      # DAGs    # Errors  Last Runtime    Last Run
-------------------------  -----  ---------  --------  ----------  --------------  -------------------
/opt/airflow/dags/test.py                           1           0  0.16s           2024-06-30T18:35:33
================================================================================
[2024-06-30 18:36:10,413] {manager.py:809} INFO - 
================================================================================
DAG File Processing Stats

File Path                  PID    Runtime      # DAGs    # Errors  Last Runtime    Last Run
-------------------------  -----  ---------  --------  ----------  --------------  -------------------
/opt/airflow/dags/test.py                           1           0  0.17s           2024-06-30T18:36:04
================================================================================
[2024-06-30 18:36:41,068] {manager.py:809} INFO - 
================================================================================
DAG File Processing Stats

File Path                  PID    Runtime      # DAGs    # Errors  Last Runtime    Last Run
-------------------------  -----  ---------  --------  ----------  --------------  -------------------
/opt/airflow/dags/test.py                           1           0  0.14s           2024-06-30T18:36:35
================================================================================
[2024-06-30 18:37:11,775] {manager.py:809} INFO - 
================================================================================
DAG File Processing Stats

File Path                  PID    Runtime      # DAGs    # Errors  Last Runtime    Last Run
-------------------------  -----  ---------  --------  ----------  --------------  -------------------
/opt/airflow/dags/test.py                           1           0  0.13s           2024-06-30T18:37:05
================================================================================
[2024-06-30 18:37:42,306] {manager.py:809} INFO - 
================================================================================
DAG File Processing Stats

File Path                  PID    Runtime      # DAGs    # Errors  Last Runtime    Last Run
-------------------------  -----  ---------  --------  ----------  --------------  -------------------
/opt/airflow/dags/test.py                           1           0  0.16s           2024-06-30T18:37:36
================================================================================
[2024-06-30 18:38:03,644] {manager.py:690} INFO - Searching for files in /opt/airflow/dags
[2024-06-30 18:38:03,664] {manager.py:693} INFO - There are 1 files in /opt/airflow/dags
[2024-06-30 18:38:12,816] {manager.py:809} INFO - 
================================================================================
DAG File Processing Stats

File Path                  PID    Runtime      # DAGs    # Errors  Last Runtime    Last Run
-------------------------  -----  ---------  --------  ----------  --------------  -------------------
/opt/airflow/dags/test.py                           1           0  0.15s           2024-06-30T18:38:06
================================================================================
[2024-06-30 18:38:43,395] {manager.py:809} INFO - 
================================================================================
DAG File Processing Stats

File Path                  PID    Runtime      # DAGs    # Errors  Last Runtime    Last Run
-------------------------  -----  ---------  --------  ----------  --------------  -------------------
/opt/airflow/dags/test.py                           1           0  0.15s           2024-06-30T18:38:37
================================================================================
[2024-06-30 18:39:13,956] {manager.py:809} INFO - 
================================================================================
DAG File Processing Stats

File Path                  PID    Runtime      # DAGs    # Errors  Last Runtime    Last Run
-------------------------  -----  ---------  --------  ----------  --------------  -------------------
/opt/airflow/dags/test.py                           1           0  0.42s           2024-06-30T18:39:08
================================================================================
[2024-06-30 18:39:44,092] {manager.py:809} INFO - 
================================================================================
DAG File Processing Stats

File Path                  PID    Runtime      # DAGs    # Errors  Last Runtime    Last Run
-------------------------  -----  ---------  --------  ----------  --------------  -------------------
/opt/airflow/dags/test.py                           1           0  0.19s           2024-06-30T18:39:39
================================================================================
[2024-06-30 18:40:14,912] {manager.py:809} INFO - 
================================================================================
DAG File Processing Stats

File Path                  PID    Runtime      # DAGs    # Errors  Last Runtime    Last Run
-------------------------  -----  ---------  --------  ----------  --------------  -------------------
/opt/airflow/dags/test.py                           1           0  0.23s           2024-06-30T18:40:09
================================================================================
[2024-06-30 18:40:45,656] {manager.py:809} INFO - 
================================================================================
DAG File Processing Stats

File Path                  PID    Runtime      # DAGs    # Errors  Last Runtime    Last Run
-------------------------  -----  ---------  --------  ----------  --------------  -------------------
/opt/airflow/dags/test.py                           1           0  0.19s           2024-06-30T18:40:40
================================================================================
[2024-06-30 18:41:16,463] {manager.py:809} INFO - 
================================================================================
DAG File Processing Stats

File Path                  PID    Runtime      # DAGs    # Errors  Last Runtime    Last Run
-------------------------  -----  ---------  --------  ----------  --------------  -------------------
/opt/airflow/dags/test.py                           1           0  0.20s           2024-06-30T18:41:11
================================================================================
[2024-06-30 18:41:47,210] {manager.py:809} INFO - 
================================================================================
DAG File Processing Stats

File Path                  PID    Runtime      # DAGs    # Errors  Last Runtime    Last Run
-------------------------  -----  ---------  --------  ----------  --------------  -------------------
/opt/airflow/dags/test.py                           1           0  0.21s           2024-06-30T18:41:42
================================================================================
[2024-06-30 18:42:17,232] {manager.py:809} INFO - 
================================================================================
DAG File Processing Stats

File Path                  PID    Runtime      # DAGs    # Errors  Last Runtime    Last Run
-------------------------  -----  ---------  --------  ----------  --------------  -------------------
/opt/airflow/dags/test.py                           1           0  0.15s           2024-06-30T18:42:13
================================================================================
[2024-06-30 18:42:47,918] {manager.py:809} INFO - 
================================================================================
DAG File Processing Stats

File Path                  PID    Runtime      # DAGs    # Errors  Last Runtime    Last Run
-------------------------  -----  ---------  --------  ----------  --------------  -------------------
/opt/airflow/dags/test.py                           1           0  0.20s           2024-06-30T18:42:44
================================================================================
[2024-06-30 18:43:04,261] {manager.py:690} INFO - Searching for files in /opt/airflow/dags
[2024-06-30 18:43:04,270] {manager.py:693} INFO - There are 1 files in /opt/airflow/dags
[2024-06-30 18:43:18,559] {manager.py:809} INFO - 
================================================================================
DAG File Processing Stats

File Path                  PID    Runtime      # DAGs    # Errors  Last Runtime    Last Run
-------------------------  -----  ---------  --------  ----------  --------------  -------------------
/opt/airflow/dags/test.py                           1           0  0.21s           2024-06-30T18:43:14
================================================================================
[2024-06-30 18:43:49,337] {manager.py:809} INFO - 
================================================================================
DAG File Processing Stats

File Path                  PID    Runtime      # DAGs    # Errors  Last Runtime    Last Run
-------------------------  -----  ---------  --------  ----------  --------------  -------------------
/opt/airflow/dags/test.py                           1           0  0.28s           2024-06-30T18:43:45
================================================================================
[2024-06-30 18:44:20,106] {manager.py:809} INFO - 
================================================================================
DAG File Processing Stats

File Path                  PID    Runtime      # DAGs    # Errors  Last Runtime    Last Run
-------------------------  -----  ---------  --------  ----------  --------------  -------------------
/opt/airflow/dags/test.py                           1           0  0.16s           2024-06-30T18:44:16
================================================================================
[2024-06-30 18:44:50,694] {manager.py:809} INFO - 
================================================================================
DAG File Processing Stats

File Path                  PID    Runtime      # DAGs    # Errors  Last Runtime    Last Run
-------------------------  -----  ---------  --------  ----------  --------------  -------------------
/opt/airflow/dags/test.py                           1           0  0.17s           2024-06-30T18:44:46
================================================================================
[2024-06-30 18:45:21,431] {manager.py:809} INFO - 
================================================================================
DAG File Processing Stats

File Path                  PID    Runtime      # DAGs    # Errors  Last Runtime    Last Run
-------------------------  -----  ---------  --------  ----------  --------------  -------------------
/opt/airflow/dags/test.py                           1           0  0.16s           2024-06-30T18:45:17
================================================================================
[2024-06-30 18:45:52,014] {manager.py:809} INFO - 
================================================================================
DAG File Processing Stats

File Path                  PID    Runtime      # DAGs    # Errors  Last Runtime    Last Run
-------------------------  -----  ---------  --------  ----------  --------------  -------------------
/opt/airflow/dags/test.py                           1           0  0.21s           2024-06-30T18:45:48
================================================================================
[2024-06-30 18:46:22,740] {manager.py:809} INFO - 
================================================================================
DAG File Processing Stats

File Path                  PID    Runtime      # DAGs    # Errors  Last Runtime    Last Run
-------------------------  -----  ---------  --------  ----------  --------------  -------------------
/opt/airflow/dags/test.py                           1           0  0.16s           2024-06-30T18:46:18
================================================================================
[2024-06-30 18:46:53,481] {manager.py:809} INFO - 
================================================================================
DAG File Processing Stats

File Path                  PID    Runtime      # DAGs    # Errors  Last Runtime    Last Run
-------------------------  -----  ---------  --------  ----------  --------------  -------------------
/opt/airflow/dags/test.py                           1           0  0.16s           2024-06-30T18:46:49
================================================================================
[2024-06-30 18:47:24,044] {manager.py:809} INFO - 
================================================================================
DAG File Processing Stats

File Path                  PID    Runtime      # DAGs    # Errors  Last Runtime    Last Run
-------------------------  -----  ---------  --------  ----------  --------------  -------------------
/opt/airflow/dags/test.py                           1           0  0.19s           2024-06-30T18:47:20
================================================================================
[2024-06-30 18:47:54,715] {manager.py:809} INFO - 
================================================================================
DAG File Processing Stats

File Path                  PID    Runtime      # DAGs    # Errors  Last Runtime    Last Run
-------------------------  -----  ---------  --------  ----------  --------------  -------------------
/opt/airflow/dags/test.py                           1           0  0.28s           2024-06-30T18:47:50
================================================================================
[2024-06-30 18:48:05,067] {manager.py:690} INFO - Searching for files in /opt/airflow/dags
[2024-06-30 18:48:05,092] {manager.py:693} INFO - There are 1 files in /opt/airflow/dags
[2024-06-30 18:48:24,765] {manager.py:809} INFO - 
================================================================================
DAG File Processing Stats

File Path                  PID    Runtime      # DAGs    # Errors  Last Runtime    Last Run
-------------------------  -----  ---------  --------  ----------  --------------  -------------------
/opt/airflow/dags/test.py                           1           0  0.24s           2024-06-30T18:48:21
================================================================================
[2024-06-30 18:48:55,297] {manager.py:809} INFO - 
================================================================================
DAG File Processing Stats

File Path                  PID    Runtime      # DAGs    # Errors  Last Runtime    Last Run
-------------------------  -----  ---------  --------  ----------  --------------  -------------------
/opt/airflow/dags/test.py                           1           0  0.15s           2024-06-30T18:48:52
================================================================================
[2024-06-30 18:49:25,926] {manager.py:809} INFO - 
================================================================================
DAG File Processing Stats

File Path                  PID    Runtime      # DAGs    # Errors  Last Runtime    Last Run
-------------------------  -----  ---------  --------  ----------  --------------  -------------------
/opt/airflow/dags/test.py                           1           0  0.19s           2024-06-30T18:49:23
================================================================================
[2024-06-30 18:49:56,466] {manager.py:809} INFO - 
================================================================================
DAG File Processing Stats

File Path                  PID    Runtime      # DAGs    # Errors  Last Runtime    Last Run
-------------------------  -----  ---------  --------  ----------  --------------  -------------------
/opt/airflow/dags/test.py                           1           0  0.11s           2024-06-30T18:49:53
================================================================================
[2024-06-30 18:50:26,859] {manager.py:809} INFO - 
================================================================================
DAG File Processing Stats

File Path                  PID    Runtime      # DAGs    # Errors  Last Runtime    Last Run
-------------------------  -----  ---------  --------  ----------  --------------  -------------------
/opt/airflow/dags/test.py                           1           0  0.08s           2024-06-30T18:50:23
================================================================================
[2024-06-30 18:50:57,230] {manager.py:809} INFO - 
================================================================================
DAG File Processing Stats

File Path                  PID    Runtime      # DAGs    # Errors  Last Runtime    Last Run
-------------------------  -----  ---------  --------  ----------  --------------  -------------------
/opt/airflow/dags/test.py                           1           0  0.15s           2024-06-30T18:50:54
================================================================================
[2024-06-30 18:51:27,676] {manager.py:809} INFO - 
================================================================================
DAG File Processing Stats

File Path                  PID    Runtime      # DAGs    # Errors  Last Runtime    Last Run
-------------------------  -----  ---------  --------  ----------  --------------  -------------------
/opt/airflow/dags/test.py                           1           0  0.08s           2024-06-30T18:51:24
================================================================================
[2024-06-30 18:51:58,206] {manager.py:809} INFO - 
================================================================================
DAG File Processing Stats

File Path                  PID    Runtime      # DAGs    # Errors  Last Runtime    Last Run
-------------------------  -----  ---------  --------  ----------  --------------  -------------------
/opt/airflow/dags/test.py                           1           0  0.15s           2024-06-30T18:51:55
================================================================================
[2024-06-30 18:52:28,701] {manager.py:809} INFO - 
================================================================================
DAG File Processing Stats

File Path                  PID    Runtime      # DAGs    # Errors  Last Runtime    Last Run
-------------------------  -----  ---------  --------  ----------  --------------  -------------------
/opt/airflow/dags/test.py                           1           0  0.15s           2024-06-30T18:52:25
================================================================================
[2024-06-30 18:52:59,361] {manager.py:809} INFO - 
================================================================================
DAG File Processing Stats

File Path                  PID    Runtime      # DAGs    # Errors  Last Runtime    Last Run
-------------------------  -----  ---------  --------  ----------  --------------  -------------------
/opt/airflow/dags/test.py                           1           0  0.16s           2024-06-30T18:52:56
================================================================================
[2024-06-30 18:53:05,417] {manager.py:690} INFO - Searching for files in /opt/airflow/dags
[2024-06-30 18:53:05,429] {manager.py:693} INFO - There are 1 files in /opt/airflow/dags
[2024-06-30 18:53:29,913] {manager.py:809} INFO - 
================================================================================
DAG File Processing Stats

File Path                  PID    Runtime      # DAGs    # Errors  Last Runtime    Last Run
-------------------------  -----  ---------  --------  ----------  --------------  -------------------
/opt/airflow/dags/test.py                           1           0  0.12s           2024-06-30T18:53:26
================================================================================
[2024-06-30 18:54:00,410] {manager.py:809} INFO - 
================================================================================
DAG File Processing Stats

File Path                  PID    Runtime      # DAGs    # Errors  Last Runtime    Last Run
-------------------------  -----  ---------  --------  ----------  --------------  -------------------
/opt/airflow/dags/test.py                           1           0  0.14s           2024-06-30T18:53:57
================================================================================
[2024-06-30 18:54:30,991] {manager.py:809} INFO - 
================================================================================
DAG File Processing Stats

File Path                  PID    Runtime      # DAGs    # Errors  Last Runtime    Last Run
-------------------------  -----  ---------  --------  ----------  --------------  -------------------
/opt/airflow/dags/test.py                           1           0  0.17s           2024-06-30T18:54:28
================================================================================
[2024-06-30 18:55:01,779] {manager.py:809} INFO - 
================================================================================
DAG File Processing Stats

File Path                  PID    Runtime      # DAGs    # Errors  Last Runtime    Last Run
-------------------------  -----  ---------  --------  ----------  --------------  -------------------
/opt/airflow/dags/test.py                           1           0  0.17s           2024-06-30T18:54:58
================================================================================
[2024-06-30 18:55:32,201] {manager.py:809} INFO - 
================================================================================
DAG File Processing Stats

File Path                  PID    Runtime      # DAGs    # Errors  Last Runtime    Last Run
-------------------------  -----  ---------  --------  ----------  --------------  -------------------
/opt/airflow/dags/test.py                           1           0  0.12s           2024-06-30T18:55:29
================================================================================
[2024-06-30 18:56:02,770] {manager.py:809} INFO - 
================================================================================
DAG File Processing Stats

File Path                  PID    Runtime      # DAGs    # Errors  Last Runtime    Last Run
-------------------------  -----  ---------  --------  ----------  --------------  -------------------
/opt/airflow/dags/test.py                           1           0  0.20s           2024-06-30T18:55:59
================================================================================
[2024-06-30 18:56:33,508] {manager.py:809} INFO - 
================================================================================
DAG File Processing Stats

File Path                  PID    Runtime      # DAGs    # Errors  Last Runtime    Last Run
-------------------------  -----  ---------  --------  ----------  --------------  -------------------
/opt/airflow/dags/test.py                           1           0  0.17s           2024-06-30T18:56:30
================================================================================
[2024-06-30 18:57:04,159] {manager.py:809} INFO - 
================================================================================
DAG File Processing Stats

File Path                  PID    Runtime      # DAGs    # Errors  Last Runtime    Last Run
-------------------------  -----  ---------  --------  ----------  --------------  -------------------
/opt/airflow/dags/test.py                           1           0  0.17s           2024-06-30T18:57:01
================================================================================
[2024-06-30 18:57:34,681] {manager.py:809} INFO - 
================================================================================
DAG File Processing Stats

File Path                  PID    Runtime      # DAGs    # Errors  Last Runtime    Last Run
-------------------------  -----  ---------  --------  ----------  --------------  -------------------
/opt/airflow/dags/test.py                           1           0  0.19s           2024-06-30T18:57:31
================================================================================
[2024-06-30 18:58:05,448] {manager.py:690} INFO - Searching for files in /opt/airflow/dags
[2024-06-30 18:58:05,478] {manager.py:693} INFO - There are 1 files in /opt/airflow/dags
[2024-06-30 18:58:05,513] {manager.py:809} INFO - 
================================================================================
DAG File Processing Stats

File Path                  PID    Runtime      # DAGs    # Errors  Last Runtime    Last Run
-------------------------  -----  ---------  --------  ----------  --------------  -------------------
/opt/airflow/dags/test.py                           1           0  0.18s           2024-06-30T18:58:02
================================================================================
[2024-06-30 18:58:36,075] {manager.py:809} INFO - 
================================================================================
DAG File Processing Stats

File Path                  PID    Runtime      # DAGs    # Errors  Last Runtime    Last Run
-------------------------  -----  ---------  --------  ----------  --------------  -------------------
/opt/airflow/dags/test.py                           1           0  0.16s           2024-06-30T18:58:33
================================================================================
[2024-06-30 18:59:06,711] {manager.py:809} INFO - 
================================================================================
DAG File Processing Stats

File Path                  PID    Runtime      # DAGs    # Errors  Last Runtime    Last Run
-------------------------  -----  ---------  --------  ----------  --------------  -------------------
/opt/airflow/dags/test.py                           1           0  0.17s           2024-06-30T18:59:03
================================================================================
[2024-06-30 18:59:37,409] {manager.py:809} INFO - 
================================================================================
DAG File Processing Stats

File Path                  PID    Runtime      # DAGs    # Errors  Last Runtime    Last Run
-------------------------  -----  ---------  --------  ----------  --------------  -------------------
/opt/airflow/dags/test.py                           1           0  0.15s           2024-06-30T18:59:34
================================================================================
[2024-06-30 19:00:08,022] {manager.py:809} INFO - 
================================================================================
DAG File Processing Stats

File Path                  PID    Runtime      # DAGs    # Errors  Last Runtime    Last Run
-------------------------  -----  ---------  --------  ----------  --------------  -------------------
/opt/airflow/dags/test.py                           1           0  0.15s           2024-06-30T19:00:05
================================================================================
[2024-06-30 19:00:38,666] {manager.py:809} INFO - 
================================================================================
DAG File Processing Stats

File Path                  PID    Runtime      # DAGs    # Errors  Last Runtime    Last Run
-------------------------  -----  ---------  --------  ----------  --------------  -------------------
/opt/airflow/dags/test.py                           0           1  0.19s           2024-06-30T19:00:37
================================================================================
[2024-06-30 19:01:09,230] {manager.py:809} INFO - 
================================================================================
DAG File Processing Stats

File Path                  PID    Runtime      # DAGs    # Errors  Last Runtime    Last Run
-------------------------  -----  ---------  --------  ----------  --------------  -------------------
/opt/airflow/dags/test.py                           1           0  0.22s           2024-06-30T19:01:06
================================================================================
[2024-06-30 19:01:39,392] {manager.py:809} INFO - 
================================================================================
DAG File Processing Stats

File Path                  PID    Runtime      # DAGs    # Errors  Last Runtime    Last Run
-------------------------  -----  ---------  --------  ----------  --------------  -------------------
/opt/airflow/dags/test.py                           1           0  0.17s           2024-06-30T19:01:31
================================================================================
[2024-06-30 19:02:10,182] {manager.py:809} INFO - 
================================================================================
DAG File Processing Stats

File Path                  PID    Runtime      # DAGs    # Errors  Last Runtime    Last Run
-------------------------  -----  ---------  --------  ----------  --------------  -------------------
/opt/airflow/dags/test.py                           1           0  0.18s           2024-06-30T19:02:02
================================================================================
[2024-06-30 19:02:40,935] {manager.py:809} INFO - 
================================================================================
DAG File Processing Stats

File Path                  PID    Runtime      # DAGs    # Errors  Last Runtime    Last Run
-------------------------  -----  ---------  --------  ----------  --------------  -------------------
/opt/airflow/dags/test.py                           1           0  0.23s           2024-06-30T19:02:33
================================================================================
[2024-06-30 19:03:05,626] {manager.py:690} INFO - Searching for files in /opt/airflow/dags
[2024-06-30 19:03:05,643] {manager.py:693} INFO - There are 1 files in /opt/airflow/dags
[2024-06-30 19:03:11,773] {manager.py:809} INFO - 
================================================================================
DAG File Processing Stats

File Path                  PID    Runtime      # DAGs    # Errors  Last Runtime    Last Run
-------------------------  -----  ---------  --------  ----------  --------------  -------------------
/opt/airflow/dags/test.py                           1           0  0.14s           2024-06-30T19:03:03
================================================================================
[2024-06-30 19:03:42,396] {manager.py:809} INFO - 
================================================================================
DAG File Processing Stats

File Path                  PID    Runtime      # DAGs    # Errors  Last Runtime    Last Run
-------------------------  -----  ---------  --------  ----------  --------------  -------------------
/opt/airflow/dags/test.py                           1           0  0.19s           2024-06-30T19:03:34
================================================================================
[2024-06-30 19:04:13,112] {manager.py:809} INFO - 
================================================================================
DAG File Processing Stats

File Path                  PID    Runtime      # DAGs    # Errors  Last Runtime    Last Run
-------------------------  -----  ---------  --------  ----------  --------------  -------------------
/opt/airflow/dags/test.py                           1           0  0.17s           2024-06-30T19:04:05
================================================================================
[2024-06-30 19:04:43,749] {manager.py:809} INFO - 
================================================================================
DAG File Processing Stats

File Path                  PID    Runtime      # DAGs    # Errors  Last Runtime    Last Run
-------------------------  -----  ---------  --------  ----------  --------------  -------------------
/opt/airflow/dags/test.py                           1           0  0.19s           2024-06-30T19:04:35
================================================================================
