[2024-06-30 19:01:22,238] {taskinstance.py:1179} INFO - Dependencies all met for <TaskInstance: example_datalake_dag.insert_into_datalake scheduled__2024-06-30T00:00:00+00:00 [queued]>
[2024-06-30 19:01:22,330] {taskinstance.py:1179} INFO - Dependencies all met for <TaskInstance: example_datalake_dag.insert_into_datalake scheduled__2024-06-30T00:00:00+00:00 [queued]>
[2024-06-30 19:01:22,334] {taskinstance.py:1376} INFO - 
--------------------------------------------------------------------------------
[2024-06-30 19:01:22,336] {taskinstance.py:1377} INFO - Starting attempt 1 of 2
[2024-06-30 19:01:22,338] {taskinstance.py:1378} INFO - 
--------------------------------------------------------------------------------
[2024-06-30 19:01:22,453] {taskinstance.py:1397} INFO - Executing <Task(PostgresOperator): insert_into_datalake> on 2024-06-30 00:00:00+00:00
[2024-06-30 19:01:22,467] {standard_task_runner.py:52} INFO - Started process 1337 to run task
[2024-06-30 19:01:22,514] {standard_task_runner.py:79} INFO - Running: ['***', 'tasks', 'run', 'example_datalake_dag', 'insert_into_datalake', 'scheduled__2024-06-30T00:00:00+00:00', '--job-id', '27', '--raw', '--subdir', 'DAGS_FOLDER/test.py', '--cfg-path', '/tmp/tmp742n7a_3', '--error-file', '/tmp/tmp04lakhl0']
[2024-06-30 19:01:22,520] {standard_task_runner.py:80} INFO - Job 27: Subtask insert_into_datalake
[2024-06-30 19:01:22,974] {task_command.py:371} INFO - Running <TaskInstance: example_datalake_dag.insert_into_datalake scheduled__2024-06-30T00:00:00+00:00 [running]> on host 12d6cc628018
[2024-06-30 19:01:23,525] {taskinstance.py:1591} INFO - Exporting the following env vars:
AIRFLOW_CTX_DAG_OWNER=***
AIRFLOW_CTX_DAG_ID=example_datalake_dag
AIRFLOW_CTX_TASK_ID=insert_into_datalake
AIRFLOW_CTX_EXECUTION_DATE=2024-06-30T00:00:00+00:00
AIRFLOW_CTX_TRY_NUMBER=1
AIRFLOW_CTX_DAG_RUN_ID=scheduled__2024-06-30T00:00:00+00:00
[2024-06-30 19:01:23,677] {base.py:68} INFO - Using connection ID 'datalake_postgres' for task execution.
[2024-06-30 19:01:23,708] {dbapi.py:231} INFO - Running statement: 
        INSERT INTO datalake_table (data) VALUES
        ('example_data');
        , parameters: None
[2024-06-30 19:01:23,712] {dbapi.py:239} INFO - Rows affected: 1
[2024-06-30 19:01:24,669] {taskinstance.py:1420} INFO - Marking task as SUCCESS. dag_id=example_datalake_dag, task_id=insert_into_datalake, execution_date=20240630T000000, start_date=20240630T190122, end_date=20240630T190124
[2024-06-30 19:01:25,181] {local_task_job.py:156} INFO - Task exited with return code 0
[2024-06-30 19:01:26,064] {local_task_job.py:273} INFO - 0 downstream tasks scheduled from follow-on schedule check
