[2024-06-30 18:28:03,029] {processor.py:153} INFO - Started process (PID=172) to work on /opt/airflow/dags/api_etl.py
[2024-06-30 18:28:03,033] {processor.py:641} INFO - Processing file /opt/airflow/dags/api_etl.py for tasks to queue
[2024-06-30 18:28:03,035] {logging_mixin.py:115} INFO - [2024-06-30 18:28:03,035] {dagbag.py:508} INFO - Filling up the DagBag from /opt/airflow/dags/api_etl.py
[2024-06-30 18:28:04,535] {processor.py:651} INFO - DAG(s) dict_keys(['etl_api_stackoverflow']) retrieved from /opt/airflow/dags/api_etl.py
[2024-06-30 18:28:04,593] {logging_mixin.py:115} INFO - [2024-06-30 18:28:04,593] {manager.py:508} INFO - Created Permission View: can read on DAG:etl_api_stackoverflow
[2024-06-30 18:28:04,599] {logging_mixin.py:115} INFO - [2024-06-30 18:28:04,599] {manager.py:508} INFO - Created Permission View: can delete on DAG:etl_api_stackoverflow
[2024-06-30 18:28:04,605] {logging_mixin.py:115} INFO - [2024-06-30 18:28:04,605] {manager.py:508} INFO - Created Permission View: can edit on DAG:etl_api_stackoverflow
[2024-06-30 18:28:04,606] {logging_mixin.py:115} INFO - [2024-06-30 18:28:04,605] {dag.py:2420} INFO - Sync 1 DAGs
[2024-06-30 18:28:04,613] {logging_mixin.py:115} INFO - [2024-06-30 18:28:04,613] {dag.py:2439} INFO - Creating ORM DAG for etl_api_stackoverflow
[2024-06-30 18:28:04,623] {logging_mixin.py:115} INFO - [2024-06-30 18:28:04,623] {dag.py:2972} INFO - Setting next_dagrun for etl_api_stackoverflow to 2024-06-30T17:00:00+00:00, run_after=2024-06-30T18:00:00+00:00
[2024-06-30 18:28:04,649] {processor.py:161} INFO - Processing /opt/airflow/dags/api_etl.py took 1.639 seconds
[2024-06-30 18:28:14,820] {processor.py:153} INFO - Started process (PID=189) to work on /opt/airflow/dags/api_etl.py
[2024-06-30 18:28:14,821] {processor.py:641} INFO - Processing file /opt/airflow/dags/api_etl.py for tasks to queue
[2024-06-30 18:28:14,822] {logging_mixin.py:115} INFO - [2024-06-30 18:28:14,822] {dagbag.py:508} INFO - Filling up the DagBag from /opt/airflow/dags/api_etl.py
[2024-06-30 18:28:15,705] {processor.py:651} INFO - DAG(s) dict_keys(['etl_api_stackoverflow']) retrieved from /opt/airflow/dags/api_etl.py
[2024-06-30 18:28:15,752] {logging_mixin.py:115} INFO - [2024-06-30 18:28:15,748] {dag.py:2420} INFO - Sync 1 DAGs
[2024-06-30 18:28:15,773] {logging_mixin.py:115} INFO - [2024-06-30 18:28:15,773] {dag.py:2972} INFO - Setting next_dagrun for etl_api_stackoverflow to 2024-06-30T17:00:00+00:00, run_after=2024-06-30T18:00:00+00:00
[2024-06-30 18:28:15,780] {processor.py:161} INFO - Processing /opt/airflow/dags/api_etl.py took 0.967 seconds
[2024-06-30 18:28:26,004] {processor.py:153} INFO - Started process (PID=200) to work on /opt/airflow/dags/api_etl.py
[2024-06-30 18:28:26,005] {processor.py:641} INFO - Processing file /opt/airflow/dags/api_etl.py for tasks to queue
[2024-06-30 18:28:26,006] {logging_mixin.py:115} INFO - [2024-06-30 18:28:26,006] {dagbag.py:508} INFO - Filling up the DagBag from /opt/airflow/dags/api_etl.py
[2024-06-30 18:28:26,413] {processor.py:651} INFO - DAG(s) dict_keys(['etl_api_stackoverflow']) retrieved from /opt/airflow/dags/api_etl.py
[2024-06-30 18:28:26,441] {logging_mixin.py:115} INFO - [2024-06-30 18:28:26,441] {dag.py:2420} INFO - Sync 1 DAGs
[2024-06-30 18:28:26,460] {logging_mixin.py:115} INFO - [2024-06-30 18:28:26,460] {dag.py:2972} INFO - Setting next_dagrun for etl_api_stackoverflow to 2024-06-30T17:00:00+00:00, run_after=2024-06-30T18:00:00+00:00
[2024-06-30 18:28:26,467] {processor.py:161} INFO - Processing /opt/airflow/dags/api_etl.py took 0.469 seconds
[2024-06-30 18:28:37,220] {processor.py:153} INFO - Started process (PID=211) to work on /opt/airflow/dags/api_etl.py
[2024-06-30 18:28:37,223] {processor.py:641} INFO - Processing file /opt/airflow/dags/api_etl.py for tasks to queue
[2024-06-30 18:28:37,225] {logging_mixin.py:115} INFO - [2024-06-30 18:28:37,225] {dagbag.py:508} INFO - Filling up the DagBag from /opt/airflow/dags/api_etl.py
[2024-06-30 18:28:37,598] {processor.py:651} INFO - DAG(s) dict_keys(['etl_api_stackoverflow']) retrieved from /opt/airflow/dags/api_etl.py
[2024-06-30 18:28:37,626] {logging_mixin.py:115} INFO - [2024-06-30 18:28:37,625] {dag.py:2420} INFO - Sync 1 DAGs
[2024-06-30 18:28:37,637] {logging_mixin.py:115} INFO - [2024-06-30 18:28:37,637] {dag.py:2972} INFO - Setting next_dagrun for etl_api_stackoverflow to 2024-06-30T17:00:00+00:00, run_after=2024-06-30T18:00:00+00:00
[2024-06-30 18:28:37,644] {processor.py:161} INFO - Processing /opt/airflow/dags/api_etl.py took 0.443 seconds
[2024-06-30 18:28:48,493] {processor.py:153} INFO - Started process (PID=222) to work on /opt/airflow/dags/api_etl.py
[2024-06-30 18:28:48,494] {processor.py:641} INFO - Processing file /opt/airflow/dags/api_etl.py for tasks to queue
[2024-06-30 18:28:48,494] {logging_mixin.py:115} INFO - [2024-06-30 18:28:48,494] {dagbag.py:508} INFO - Filling up the DagBag from /opt/airflow/dags/api_etl.py
[2024-06-30 18:28:48,926] {processor.py:651} INFO - DAG(s) dict_keys(['etl_api_stackoverflow']) retrieved from /opt/airflow/dags/api_etl.py
[2024-06-30 18:28:48,962] {logging_mixin.py:115} INFO - [2024-06-30 18:28:48,961] {dag.py:2420} INFO - Sync 1 DAGs
[2024-06-30 18:28:49,005] {logging_mixin.py:115} INFO - [2024-06-30 18:28:49,004] {dag.py:2972} INFO - Setting next_dagrun for etl_api_stackoverflow to 2024-06-30T17:00:00+00:00, run_after=2024-06-30T18:00:00+00:00
[2024-06-30 18:28:49,016] {processor.py:161} INFO - Processing /opt/airflow/dags/api_etl.py took 0.528 seconds
[2024-06-30 18:28:59,720] {processor.py:153} INFO - Started process (PID=233) to work on /opt/airflow/dags/api_etl.py
[2024-06-30 18:28:59,720] {processor.py:641} INFO - Processing file /opt/airflow/dags/api_etl.py for tasks to queue
[2024-06-30 18:28:59,721] {logging_mixin.py:115} INFO - [2024-06-30 18:28:59,721] {dagbag.py:508} INFO - Filling up the DagBag from /opt/airflow/dags/api_etl.py
[2024-06-30 18:29:00,079] {processor.py:651} INFO - DAG(s) dict_keys(['etl_api_stackoverflow']) retrieved from /opt/airflow/dags/api_etl.py
[2024-06-30 18:29:00,093] {logging_mixin.py:115} INFO - [2024-06-30 18:29:00,093] {dag.py:2420} INFO - Sync 1 DAGs
[2024-06-30 18:29:00,104] {logging_mixin.py:115} INFO - [2024-06-30 18:29:00,103] {dag.py:2972} INFO - Setting next_dagrun for etl_api_stackoverflow to 2024-06-30T17:00:00+00:00, run_after=2024-06-30T18:00:00+00:00
[2024-06-30 18:29:00,108] {processor.py:161} INFO - Processing /opt/airflow/dags/api_etl.py took 0.394 seconds
[2024-06-30 18:29:10,878] {processor.py:153} INFO - Started process (PID=244) to work on /opt/airflow/dags/api_etl.py
[2024-06-30 18:29:10,878] {processor.py:641} INFO - Processing file /opt/airflow/dags/api_etl.py for tasks to queue
[2024-06-30 18:29:10,879] {logging_mixin.py:115} INFO - [2024-06-30 18:29:10,879] {dagbag.py:508} INFO - Filling up the DagBag from /opt/airflow/dags/api_etl.py
[2024-06-30 18:29:11,502] {processor.py:651} INFO - DAG(s) dict_keys(['etl_api_stackoverflow']) retrieved from /opt/airflow/dags/api_etl.py
[2024-06-30 18:29:11,529] {logging_mixin.py:115} INFO - [2024-06-30 18:29:11,527] {dag.py:2420} INFO - Sync 1 DAGs
[2024-06-30 18:29:11,551] {logging_mixin.py:115} INFO - [2024-06-30 18:29:11,551] {dag.py:2972} INFO - Setting next_dagrun for etl_api_stackoverflow to 2024-06-30T17:00:00+00:00, run_after=2024-06-30T18:00:00+00:00
[2024-06-30 18:29:11,558] {processor.py:161} INFO - Processing /opt/airflow/dags/api_etl.py took 0.684 seconds
[2024-06-30 18:29:22,040] {processor.py:153} INFO - Started process (PID=255) to work on /opt/airflow/dags/api_etl.py
[2024-06-30 18:29:22,042] {processor.py:641} INFO - Processing file /opt/airflow/dags/api_etl.py for tasks to queue
[2024-06-30 18:29:22,044] {logging_mixin.py:115} INFO - [2024-06-30 18:29:22,044] {dagbag.py:508} INFO - Filling up the DagBag from /opt/airflow/dags/api_etl.py
[2024-06-30 18:29:22,370] {processor.py:651} INFO - DAG(s) dict_keys(['etl_api_stackoverflow']) retrieved from /opt/airflow/dags/api_etl.py
[2024-06-30 18:29:22,386] {logging_mixin.py:115} INFO - [2024-06-30 18:29:22,386] {dag.py:2420} INFO - Sync 1 DAGs
[2024-06-30 18:29:22,396] {logging_mixin.py:115} INFO - [2024-06-30 18:29:22,396] {dag.py:2972} INFO - Setting next_dagrun for etl_api_stackoverflow to 2024-06-30T17:00:00+00:00, run_after=2024-06-30T18:00:00+00:00
[2024-06-30 18:29:22,400] {processor.py:161} INFO - Processing /opt/airflow/dags/api_etl.py took 0.381 seconds
[2024-06-30 18:29:33,354] {processor.py:153} INFO - Started process (PID=266) to work on /opt/airflow/dags/api_etl.py
[2024-06-30 18:29:33,356] {processor.py:641} INFO - Processing file /opt/airflow/dags/api_etl.py for tasks to queue
[2024-06-30 18:29:33,358] {logging_mixin.py:115} INFO - [2024-06-30 18:29:33,357] {dagbag.py:508} INFO - Filling up the DagBag from /opt/airflow/dags/api_etl.py
[2024-06-30 18:29:33,946] {processor.py:651} INFO - DAG(s) dict_keys(['etl_api_stackoverflow']) retrieved from /opt/airflow/dags/api_etl.py
[2024-06-30 18:29:34,001] {logging_mixin.py:115} INFO - [2024-06-30 18:29:34,000] {dag.py:2420} INFO - Sync 1 DAGs
[2024-06-30 18:29:34,020] {logging_mixin.py:115} INFO - [2024-06-30 18:29:34,020] {dag.py:2972} INFO - Setting next_dagrun for etl_api_stackoverflow to 2024-06-30T17:00:00+00:00, run_after=2024-06-30T18:00:00+00:00
[2024-06-30 18:29:34,031] {processor.py:161} INFO - Processing /opt/airflow/dags/api_etl.py took 0.731 seconds
[2024-06-30 18:29:44,439] {processor.py:153} INFO - Started process (PID=277) to work on /opt/airflow/dags/api_etl.py
[2024-06-30 18:29:44,440] {processor.py:641} INFO - Processing file /opt/airflow/dags/api_etl.py for tasks to queue
[2024-06-30 18:29:44,441] {logging_mixin.py:115} INFO - [2024-06-30 18:29:44,441] {dagbag.py:508} INFO - Filling up the DagBag from /opt/airflow/dags/api_etl.py
[2024-06-30 18:29:44,775] {processor.py:651} INFO - DAG(s) dict_keys(['etl_api_stackoverflow']) retrieved from /opt/airflow/dags/api_etl.py
[2024-06-30 18:29:44,792] {logging_mixin.py:115} INFO - [2024-06-30 18:29:44,792] {dag.py:2420} INFO - Sync 1 DAGs
[2024-06-30 18:29:44,810] {logging_mixin.py:115} INFO - [2024-06-30 18:29:44,810] {dag.py:2972} INFO - Setting next_dagrun for etl_api_stackoverflow to 2024-06-30T17:00:00+00:00, run_after=2024-06-30T18:00:00+00:00
[2024-06-30 18:29:44,817] {processor.py:161} INFO - Processing /opt/airflow/dags/api_etl.py took 0.383 seconds
[2024-06-30 18:29:55,656] {processor.py:153} INFO - Started process (PID=288) to work on /opt/airflow/dags/api_etl.py
[2024-06-30 18:29:55,657] {processor.py:641} INFO - Processing file /opt/airflow/dags/api_etl.py for tasks to queue
[2024-06-30 18:29:55,658] {logging_mixin.py:115} INFO - [2024-06-30 18:29:55,658] {dagbag.py:508} INFO - Filling up the DagBag from /opt/airflow/dags/api_etl.py
[2024-06-30 18:29:56,093] {processor.py:651} INFO - DAG(s) dict_keys(['etl_api_stackoverflow']) retrieved from /opt/airflow/dags/api_etl.py
[2024-06-30 18:29:56,110] {logging_mixin.py:115} INFO - [2024-06-30 18:29:56,109] {dag.py:2420} INFO - Sync 1 DAGs
[2024-06-30 18:29:56,119] {logging_mixin.py:115} INFO - [2024-06-30 18:29:56,119] {dag.py:2972} INFO - Setting next_dagrun for etl_api_stackoverflow to 2024-06-30T17:00:00+00:00, run_after=2024-06-30T18:00:00+00:00
[2024-06-30 18:29:56,124] {processor.py:161} INFO - Processing /opt/airflow/dags/api_etl.py took 0.473 seconds
[2024-06-30 18:30:06,967] {processor.py:153} INFO - Started process (PID=304) to work on /opt/airflow/dags/api_etl.py
[2024-06-30 18:30:06,968] {processor.py:641} INFO - Processing file /opt/airflow/dags/api_etl.py for tasks to queue
[2024-06-30 18:30:06,970] {logging_mixin.py:115} INFO - [2024-06-30 18:30:06,969] {dagbag.py:508} INFO - Filling up the DagBag from /opt/airflow/dags/api_etl.py
[2024-06-30 18:30:07,328] {processor.py:651} INFO - DAG(s) dict_keys(['etl_api_stackoverflow']) retrieved from /opt/airflow/dags/api_etl.py
[2024-06-30 18:30:07,351] {logging_mixin.py:115} INFO - [2024-06-30 18:30:07,351] {dag.py:2420} INFO - Sync 1 DAGs
[2024-06-30 18:30:07,360] {logging_mixin.py:115} INFO - [2024-06-30 18:30:07,360] {dag.py:2972} INFO - Setting next_dagrun for etl_api_stackoverflow to 2024-06-30T17:00:00+00:00, run_after=2024-06-30T18:00:00+00:00
[2024-06-30 18:30:07,365] {processor.py:161} INFO - Processing /opt/airflow/dags/api_etl.py took 0.407 seconds
[2024-06-30 18:30:18,254] {processor.py:153} INFO - Started process (PID=315) to work on /opt/airflow/dags/api_etl.py
[2024-06-30 18:30:18,256] {processor.py:641} INFO - Processing file /opt/airflow/dags/api_etl.py for tasks to queue
[2024-06-30 18:30:18,257] {logging_mixin.py:115} INFO - [2024-06-30 18:30:18,257] {dagbag.py:508} INFO - Filling up the DagBag from /opt/airflow/dags/api_etl.py
[2024-06-30 18:30:18,677] {processor.py:651} INFO - DAG(s) dict_keys(['etl_api_stackoverflow']) retrieved from /opt/airflow/dags/api_etl.py
[2024-06-30 18:30:18,700] {logging_mixin.py:115} INFO - [2024-06-30 18:30:18,700] {dag.py:2420} INFO - Sync 1 DAGs
[2024-06-30 18:30:18,710] {logging_mixin.py:115} INFO - [2024-06-30 18:30:18,710] {dag.py:2972} INFO - Setting next_dagrun for etl_api_stackoverflow to 2024-06-30T17:00:00+00:00, run_after=2024-06-30T18:00:00+00:00
[2024-06-30 18:30:18,715] {processor.py:161} INFO - Processing /opt/airflow/dags/api_etl.py took 0.469 seconds
[2024-06-30 18:30:29,604] {processor.py:153} INFO - Started process (PID=326) to work on /opt/airflow/dags/api_etl.py
[2024-06-30 18:30:29,606] {processor.py:641} INFO - Processing file /opt/airflow/dags/api_etl.py for tasks to queue
[2024-06-30 18:30:29,607] {logging_mixin.py:115} INFO - [2024-06-30 18:30:29,607] {dagbag.py:508} INFO - Filling up the DagBag from /opt/airflow/dags/api_etl.py
[2024-06-30 18:30:29,933] {processor.py:651} INFO - DAG(s) dict_keys(['etl_api_stackoverflow']) retrieved from /opt/airflow/dags/api_etl.py
[2024-06-30 18:30:29,951] {logging_mixin.py:115} INFO - [2024-06-30 18:30:29,951] {dag.py:2420} INFO - Sync 1 DAGs
[2024-06-30 18:30:29,961] {logging_mixin.py:115} INFO - [2024-06-30 18:30:29,961] {dag.py:2972} INFO - Setting next_dagrun for etl_api_stackoverflow to 2024-06-30T17:00:00+00:00, run_after=2024-06-30T18:00:00+00:00
[2024-06-30 18:30:29,966] {processor.py:161} INFO - Processing /opt/airflow/dags/api_etl.py took 0.370 seconds
[2024-06-30 18:30:40,818] {processor.py:153} INFO - Started process (PID=337) to work on /opt/airflow/dags/api_etl.py
[2024-06-30 18:30:40,819] {processor.py:641} INFO - Processing file /opt/airflow/dags/api_etl.py for tasks to queue
[2024-06-30 18:30:40,820] {logging_mixin.py:115} INFO - [2024-06-30 18:30:40,820] {dagbag.py:508} INFO - Filling up the DagBag from /opt/airflow/dags/api_etl.py
[2024-06-30 18:30:41,135] {processor.py:651} INFO - DAG(s) dict_keys(['etl_api_stackoverflow']) retrieved from /opt/airflow/dags/api_etl.py
[2024-06-30 18:30:41,176] {logging_mixin.py:115} INFO - [2024-06-30 18:30:41,175] {dag.py:2420} INFO - Sync 1 DAGs
[2024-06-30 18:30:41,197] {logging_mixin.py:115} INFO - [2024-06-30 18:30:41,197] {dag.py:2972} INFO - Setting next_dagrun for etl_api_stackoverflow to 2024-06-30T17:00:00+00:00, run_after=2024-06-30T18:00:00+00:00
[2024-06-30 18:30:41,206] {processor.py:161} INFO - Processing /opt/airflow/dags/api_etl.py took 0.396 seconds
[2024-06-30 18:30:52,170] {processor.py:153} INFO - Started process (PID=348) to work on /opt/airflow/dags/api_etl.py
[2024-06-30 18:30:52,171] {processor.py:641} INFO - Processing file /opt/airflow/dags/api_etl.py for tasks to queue
[2024-06-30 18:30:52,172] {logging_mixin.py:115} INFO - [2024-06-30 18:30:52,172] {dagbag.py:508} INFO - Filling up the DagBag from /opt/airflow/dags/api_etl.py
[2024-06-30 18:30:52,707] {processor.py:651} INFO - DAG(s) dict_keys(['etl_api_stackoverflow']) retrieved from /opt/airflow/dags/api_etl.py
[2024-06-30 18:30:52,739] {logging_mixin.py:115} INFO - [2024-06-30 18:30:52,736] {dag.py:2420} INFO - Sync 1 DAGs
[2024-06-30 18:30:52,766] {logging_mixin.py:115} INFO - [2024-06-30 18:30:52,766] {dag.py:2972} INFO - Setting next_dagrun for etl_api_stackoverflow to 2024-06-30T17:00:00+00:00, run_after=2024-06-30T18:00:00+00:00
[2024-06-30 18:30:52,775] {processor.py:161} INFO - Processing /opt/airflow/dags/api_etl.py took 0.610 seconds
[2024-06-30 18:31:03,406] {processor.py:153} INFO - Started process (PID=359) to work on /opt/airflow/dags/api_etl.py
[2024-06-30 18:31:03,408] {processor.py:641} INFO - Processing file /opt/airflow/dags/api_etl.py for tasks to queue
[2024-06-30 18:31:03,408] {logging_mixin.py:115} INFO - [2024-06-30 18:31:03,408] {dagbag.py:508} INFO - Filling up the DagBag from /opt/airflow/dags/api_etl.py
[2024-06-30 18:31:03,724] {processor.py:651} INFO - DAG(s) dict_keys(['etl_api_stackoverflow']) retrieved from /opt/airflow/dags/api_etl.py
[2024-06-30 18:31:03,737] {logging_mixin.py:115} INFO - [2024-06-30 18:31:03,737] {dag.py:2420} INFO - Sync 1 DAGs
[2024-06-30 18:31:03,746] {logging_mixin.py:115} INFO - [2024-06-30 18:31:03,746] {dag.py:2972} INFO - Setting next_dagrun for etl_api_stackoverflow to 2024-06-30T17:00:00+00:00, run_after=2024-06-30T18:00:00+00:00
[2024-06-30 18:31:03,750] {processor.py:161} INFO - Processing /opt/airflow/dags/api_etl.py took 0.348 seconds
[2024-06-30 18:31:14,608] {processor.py:153} INFO - Started process (PID=370) to work on /opt/airflow/dags/api_etl.py
[2024-06-30 18:31:14,609] {processor.py:641} INFO - Processing file /opt/airflow/dags/api_etl.py for tasks to queue
[2024-06-30 18:31:14,610] {logging_mixin.py:115} INFO - [2024-06-30 18:31:14,610] {dagbag.py:508} INFO - Filling up the DagBag from /opt/airflow/dags/api_etl.py
[2024-06-30 18:31:15,005] {processor.py:651} INFO - DAG(s) dict_keys(['etl_api_stackoverflow']) retrieved from /opt/airflow/dags/api_etl.py
[2024-06-30 18:31:15,020] {logging_mixin.py:115} INFO - [2024-06-30 18:31:15,020] {dag.py:2420} INFO - Sync 1 DAGs
[2024-06-30 18:31:15,029] {logging_mixin.py:115} INFO - [2024-06-30 18:31:15,029] {dag.py:2972} INFO - Setting next_dagrun for etl_api_stackoverflow to 2024-06-30T17:00:00+00:00, run_after=2024-06-30T18:00:00+00:00
[2024-06-30 18:31:15,035] {processor.py:161} INFO - Processing /opt/airflow/dags/api_etl.py took 0.435 seconds
[2024-06-30 18:31:25,873] {processor.py:153} INFO - Started process (PID=381) to work on /opt/airflow/dags/api_etl.py
[2024-06-30 18:31:25,874] {processor.py:641} INFO - Processing file /opt/airflow/dags/api_etl.py for tasks to queue
[2024-06-30 18:31:25,875] {logging_mixin.py:115} INFO - [2024-06-30 18:31:25,875] {dagbag.py:508} INFO - Filling up the DagBag from /opt/airflow/dags/api_etl.py
[2024-06-30 18:31:26,329] {processor.py:651} INFO - DAG(s) dict_keys(['etl_api_stackoverflow']) retrieved from /opt/airflow/dags/api_etl.py
[2024-06-30 18:31:26,365] {logging_mixin.py:115} INFO - [2024-06-30 18:31:26,365] {dag.py:2420} INFO - Sync 1 DAGs
[2024-06-30 18:31:26,376] {logging_mixin.py:115} INFO - [2024-06-30 18:31:26,376] {dag.py:2972} INFO - Setting next_dagrun for etl_api_stackoverflow to 2024-06-30T17:00:00+00:00, run_after=2024-06-30T18:00:00+00:00
[2024-06-30 18:31:26,381] {processor.py:161} INFO - Processing /opt/airflow/dags/api_etl.py took 0.516 seconds
[2024-06-30 18:31:37,083] {processor.py:153} INFO - Started process (PID=392) to work on /opt/airflow/dags/api_etl.py
[2024-06-30 18:31:37,086] {processor.py:641} INFO - Processing file /opt/airflow/dags/api_etl.py for tasks to queue
[2024-06-30 18:31:37,090] {logging_mixin.py:115} INFO - [2024-06-30 18:31:37,090] {dagbag.py:508} INFO - Filling up the DagBag from /opt/airflow/dags/api_etl.py
[2024-06-30 18:31:37,413] {processor.py:651} INFO - DAG(s) dict_keys(['etl_api_stackoverflow']) retrieved from /opt/airflow/dags/api_etl.py
[2024-06-30 18:31:37,431] {logging_mixin.py:115} INFO - [2024-06-30 18:31:37,430] {dag.py:2420} INFO - Sync 1 DAGs
[2024-06-30 18:31:37,440] {logging_mixin.py:115} INFO - [2024-06-30 18:31:37,440] {dag.py:2972} INFO - Setting next_dagrun for etl_api_stackoverflow to 2024-06-30T17:00:00+00:00, run_after=2024-06-30T18:00:00+00:00
[2024-06-30 18:31:37,445] {processor.py:161} INFO - Processing /opt/airflow/dags/api_etl.py took 0.371 seconds
