[2024-06-30 18:47:30,706] {taskinstance.py:1179} INFO - Dependencies all met for <TaskInstance: example_datalake_dag.insert_into_datalake manual__2024-06-30T18:47:28.488041+00:00 [queued]>
[2024-06-30 18:47:30,711] {taskinstance.py:1179} INFO - Dependencies all met for <TaskInstance: example_datalake_dag.insert_into_datalake manual__2024-06-30T18:47:28.488041+00:00 [queued]>
[2024-06-30 18:47:30,711] {taskinstance.py:1376} INFO - 
--------------------------------------------------------------------------------
[2024-06-30 18:47:30,711] {taskinstance.py:1377} INFO - Starting attempt 1 of 2
[2024-06-30 18:47:30,711] {taskinstance.py:1378} INFO - 
--------------------------------------------------------------------------------
[2024-06-30 18:47:30,718] {taskinstance.py:1397} INFO - Executing <Task(PostgresOperator): insert_into_datalake> on 2024-06-30 18:47:28.488041+00:00
[2024-06-30 18:47:30,721] {standard_task_runner.py:52} INFO - Started process 881 to run task
[2024-06-30 18:47:30,723] {standard_task_runner.py:79} INFO - Running: ['***', 'tasks', 'run', 'example_datalake_dag', 'insert_into_datalake', 'manual__2024-06-30T18:47:28.488041+00:00', '--job-id', '8', '--raw', '--subdir', 'DAGS_FOLDER/test.py', '--cfg-path', '/tmp/tmpy31zh7qo', '--error-file', '/tmp/tmpnehmlaiz']
[2024-06-30 18:47:30,723] {standard_task_runner.py:80} INFO - Job 8: Subtask insert_into_datalake
[2024-06-30 18:47:30,753] {task_command.py:371} INFO - Running <TaskInstance: example_datalake_dag.insert_into_datalake manual__2024-06-30T18:47:28.488041+00:00 [running]> on host 12d6cc628018
[2024-06-30 18:47:30,795] {taskinstance.py:1591} INFO - Exporting the following env vars:
AIRFLOW_CTX_DAG_OWNER=***
AIRFLOW_CTX_DAG_ID=example_datalake_dag
AIRFLOW_CTX_TASK_ID=insert_into_datalake
AIRFLOW_CTX_EXECUTION_DATE=2024-06-30T18:47:28.488041+00:00
AIRFLOW_CTX_TRY_NUMBER=1
AIRFLOW_CTX_DAG_RUN_ID=manual__2024-06-30T18:47:28.488041+00:00
[2024-06-30 18:47:30,803] {base.py:68} INFO - Using connection ID 'datalake_postgres' for task execution.
[2024-06-30 18:47:30,805] {dbapi.py:231} INFO - Running statement: 
        INSERT INTO datalake_table (data) VALUES
        ('example_data');
        , parameters: None
[2024-06-30 18:47:30,806] {dbapi.py:239} INFO - Rows affected: 1
[2024-06-30 18:47:30,814] {taskinstance.py:1420} INFO - Marking task as SUCCESS. dag_id=example_datalake_dag, task_id=insert_into_datalake, execution_date=20240630T184728, start_date=20240630T184730, end_date=20240630T184730
[2024-06-30 18:47:30,856] {local_task_job.py:156} INFO - Task exited with return code 0
[2024-06-30 18:47:30,879] {local_task_job.py:273} INFO - 0 downstream tasks scheduled from follow-on schedule check
