[2024-06-30 19:01:22,474] {taskinstance.py:1179} INFO - Dependencies all met for <TaskInstance: example_datalake_dag.insert_into_datalake scheduled__2024-06-30T02:00:00+00:00 [queued]>
[2024-06-30 19:01:22,646] {taskinstance.py:1179} INFO - Dependencies all met for <TaskInstance: example_datalake_dag.insert_into_datalake scheduled__2024-06-30T02:00:00+00:00 [queued]>
[2024-06-30 19:01:22,656] {taskinstance.py:1376} INFO - 
--------------------------------------------------------------------------------
[2024-06-30 19:01:22,686] {taskinstance.py:1377} INFO - Starting attempt 1 of 2
[2024-06-30 19:01:22,697] {taskinstance.py:1378} INFO - 
--------------------------------------------------------------------------------
[2024-06-30 19:01:22,802] {taskinstance.py:1397} INFO - Executing <Task(PostgresOperator): insert_into_datalake> on 2024-06-30 02:00:00+00:00
[2024-06-30 19:01:22,811] {standard_task_runner.py:52} INFO - Started process 1339 to run task
[2024-06-30 19:01:22,838] {standard_task_runner.py:79} INFO - Running: ['***', 'tasks', 'run', 'example_datalake_dag', 'insert_into_datalake', 'scheduled__2024-06-30T02:00:00+00:00', '--job-id', '28', '--raw', '--subdir', 'DAGS_FOLDER/test.py', '--cfg-path', '/tmp/tmpjlo6b_8x', '--error-file', '/tmp/tmpbl_5qj_s']
[2024-06-30 19:01:22,848] {standard_task_runner.py:80} INFO - Job 28: Subtask insert_into_datalake
[2024-06-30 19:01:23,457] {task_command.py:371} INFO - Running <TaskInstance: example_datalake_dag.insert_into_datalake scheduled__2024-06-30T02:00:00+00:00 [running]> on host 12d6cc628018
[2024-06-30 19:01:24,259] {taskinstance.py:1591} INFO - Exporting the following env vars:
AIRFLOW_CTX_DAG_OWNER=***
AIRFLOW_CTX_DAG_ID=example_datalake_dag
AIRFLOW_CTX_TASK_ID=insert_into_datalake
AIRFLOW_CTX_EXECUTION_DATE=2024-06-30T02:00:00+00:00
AIRFLOW_CTX_TRY_NUMBER=1
AIRFLOW_CTX_DAG_RUN_ID=scheduled__2024-06-30T02:00:00+00:00
[2024-06-30 19:01:24,679] {base.py:68} INFO - Using connection ID 'datalake_postgres' for task execution.
[2024-06-30 19:01:24,758] {dbapi.py:231} INFO - Running statement: 
        INSERT INTO datalake_table (data) VALUES
        ('example_data');
        , parameters: None
[2024-06-30 19:01:24,769] {dbapi.py:239} INFO - Rows affected: 1
[2024-06-30 19:01:25,015] {taskinstance.py:1420} INFO - Marking task as SUCCESS. dag_id=example_datalake_dag, task_id=insert_into_datalake, execution_date=20240630T020000, start_date=20240630T190122, end_date=20240630T190125
[2024-06-30 19:01:25,387] {local_task_job.py:156} INFO - Task exited with return code 0
[2024-06-30 19:01:25,693] {local_task_job.py:273} INFO - 0 downstream tasks scheduled from follow-on schedule check
